Generated at 2018-01-16 19:18:16 +0000
Chef::Exceptions::PrivateKeyMissing: I cannot read /etc/chef/client.pem, which you told me to use to sign requests!
/opt/chef/embedded/lib/ruby/gems/2.4.0/gems/chef-13.6.4/lib/chef/http/authenticator.rb:95:in `rescue in load_signing_key'
/opt/chef/embedded/lib/ruby/gems/2.4.0/gems/chef-13.6.4/lib/chef/http/authenticator.rb:85:in `load_signing_key'
/opt/chef/embedded/lib/ruby/gems/2.4.0/gems/chef-13.6.4/lib/chef/http/authenticator.rb:42:in `initialize'
/opt/chef/embedded/lib/ruby/gems/2.4.0/gems/chef-13.6.4/lib/chef/http.rb:98:in `new'
/opt/chef/embedded/lib/ruby/gems/2.4.0/gems/chef-13.6.4/lib/chef/http.rb:98:in `block in initialize'
/opt/chef/embedded/lib/ruby/gems/2.4.0/gems/chef-13.6.4/lib/chef/http.rb:97:in `each'
/opt/chef/embedded/lib/ruby/gems/2.4.0/gems/chef-13.6.4/lib/chef/http.rb:97:in `initialize'
/opt/chef/embedded/lib/ruby/gems/2.4.0/gems/chef-13.6.4/lib/chef/server_api.rb:37:in `initialize'
/opt/chef/embedded/lib/ruby/gems/2.4.0/gems/chef-13.6.4/lib/chef/client.rb:673:in `new'
/opt/chef/embedded/lib/ruby/gems/2.4.0/gems/chef-13.6.4/lib/chef/client.rb:673:in `register'
/opt/chef/embedded/lib/ruby/gems/2.4.0/gems/chef-13.6.4/lib/chef/client.rb:267:in `run'
/opt/chef/embedded/lib/ruby/gems/2.4.0/gems/chef-13.6.4/lib/chef/application.rb:291:in `block in fork_chef_client'
/opt/chef/embedded/lib/ruby/gems/2.4.0/gems/chef-13.6.4/lib/chef/application.rb:279:in `fork'
/opt/chef/embedded/lib/ruby/gems/2.4.0/gems/chef-13.6.4/lib/chef/application.rb:279:in `fork_chef_client'
/opt/chef/embedded/lib/ruby/gems/2.4.0/gems/chef-13.6.4/lib/chef/application.rb:244:in `block in run_chef_client'
/opt/chef/embedded/lib/ruby/gems/2.4.0/gems/chef-13.6.4/lib/chef/local_mode.rb:44:in `with_server_connectivity'
/opt/chef/embedded/lib/ruby/gems/2.4.0/gems/chef-13.6.4/lib/chef/application.rb:232:in `run_chef_client'
/opt/chef/embedded/lib/ruby/gems/2.4.0/gems/chef-13.6.4/lib/chef/application/client.rb:469:in `sleep_then_run_chef_client'
/opt/chef/embedded/lib/ruby/gems/2.4.0/gems/chef-13.6.4/lib/chef/application/client.rb:458:in `block in interval_run_chef_client'
/opt/chef/embedded/lib/ruby/gems/2.4.0/gems/chef-13.6.4/lib/chef/application/client.rb:457:in `loop'
/opt/chef/embedded/lib/ruby/gems/2.4.0/gems/chef-13.6.4/lib/chef/application/client.rb:457:in `interval_run_chef_client'
/opt/chef/embedded/lib/ruby/gems/2.4.0/gems/chef-13.6.4/lib/chef/application/client.rb:441:in `run_application'
/opt/chef/embedded/lib/ruby/gems/2.4.0/gems/chef-13.6.4/lib/chef/application.rb:59:in `run'
/opt/chef/embedded/lib/ruby/gems/2.4.0/gems/chef-13.6.4/bin/chef-client:26:in `<top (required)>'
/usr/bin/chef-client:58:in `load'
/usr/bin/chef-client:58:in `<main>'

>>>> Caused by Errno::EACCES: Permission denied @ rb_sysopen - /etc/chef/client.pem
/opt/chef/embedded/lib/ruby/gems/2.4.0/gems/chef-13.6.4/lib/chef/http/authenticator.rb:86:in `read'
/opt/chef/embedded/lib/ruby/gems/2.4.0/gems/chef-13.6.4/lib/chef/http/authenticator.rb:86:in `load_signing_key'
/opt/chef/embedded/lib/ruby/gems/2.4.0/gems/chef-13.6.4/lib/chef/http/authenticator.rb:42:in `initialize'
/opt/chef/embedded/lib/ruby/gems/2.4.0/gems/chef-13.6.4/lib/chef/http.rb:98:in `new'
/opt/chef/embedded/lib/ruby/gems/2.4.0/gems/chef-13.6.4/lib/chef/http.rb:98:in `block in initialize'
/opt/chef/embedded/lib/ruby/gems/2.4.0/gems/chef-13.6.4/lib/chef/http.rb:97:in `each'
/opt/chef/embedded/lib/ruby/gems/2.4.0/gems/chef-13.6.4/lib/chef/http.rb:97:in `initialize'
/opt/chef/embedded/lib/ruby/gems/2.4.0/gems/chef-13.6.4/lib/chef/server_api.rb:37:in `initialize'
/opt/chef/embedded/lib/ruby/gems/2.4.0/gems/chef-13.6.4/lib/chef/client.rb:673:in `new'
/opt/chef/embedded/lib/ruby/gems/2.4.0/gems/chef-13.6.4/lib/chef/client.rb:673:in `register'
/opt/chef/embedded/lib/ruby/gems/2.4.0/gems/chef-13.6.4/lib/chef/client.rb:267:in `run'
/opt/chef/embedded/lib/ruby/gems/2.4.0/gems/chef-13.6.4/lib/chef/application.rb:291:in `block in fork_chef_client'
/opt/chef/embedded/lib/ruby/gems/2.4.0/gems/chef-13.6.4/lib/chef/application.rb:279:in `fork'
/opt/chef/embedded/lib/ruby/gems/2.4.0/gems/chef-13.6.4/lib/chef/application.rb:279:in `fork_chef_client'
/opt/chef/embedded/lib/ruby/gems/2.4.0/gems/chef-13.6.4/lib/chef/application.rb:244:in `block in run_chef_client'
/opt/chef/embedded/lib/ruby/gems/2.4.0/gems/chef-13.6.4/lib/chef/local_mode.rb:44:in `with_server_connectivity'
/opt/chef/embedded/lib/ruby/gems/2.4.0/gems/chef-13.6.4/lib/chef/application.rb:232:in `run_chef_client'
/opt/chef/embedded/lib/ruby/gems/2.4.0/gems/chef-13.6.4/lib/chef/application/client.rb:469:in `sleep_then_run_chef_client'
/opt/chef/embedded/lib/ruby/gems/2.4.0/gems/chef-13.6.4/lib/chef/application/client.rb:458:in `block in interval_run_chef_client'
/opt/chef/embedded/lib/ruby/gems/2.4.0/gems/chef-13.6.4/lib/chef/application/client.rb:457:in `loop'
/opt/chef/embedded/lib/ruby/gems/2.4.0/gems/chef-13.6.4/lib/chef/application/client.rb:457:in `interval_run_chef_client'
/opt/chef/embedded/lib/ruby/gems/2.4.0/gems/chef-13.6.4/lib/chef/application/client.rb:441:in `run_application'
/opt/chef/embedded/lib/ruby/gems/2.4.0/gems/chef-13.6.4/lib/chef/application.rb:59:in `run'
/opt/chef/embedded/lib/ruby/gems/2.4.0/gems/chef-13.6.4/bin/chef-client:26:in `<top (required)>'
/usr/bin/chef-client:58:in `load'
/usr/bin/chef-client:58:in `<main>'